# JRE version: Java(TM) SE Runtime Environment (8.0_201-b09) (build 1.8.0_201-b09)
# Java VM: Java HotSpot(TM) Client VM (25.201-b09 mixed mode windows-x86 )
Heap:
 garbage-first heap   total 62464K, used 18729K [0x07800000, 0x079000f4, 0x47800000)
  region size 1024K, 1 young (1024K), 0 survivors (0K)
 Metaspace       used 28150K, capacity 29119K, committed 29312K, reserved 30080K
GC Heap History (10 events):
Event: 28094.339 GC heap after
Heap after GC invocations=10136 (full 10086):
 garbage-first heap   total 62464K, used 18701K [0x07800000, 0x079000f4, 0x47800000)
  region size 1024K, 0 young (0K), 0 survivors (0K)
 Metaspace       used 28150K, capacity 29119K, committed 29312K, reserved 30080K
}
Event: 28096.864 GC heap before
{Heap before GC invocations=10136 (full 10086):
 garbage-first heap   total 62464K, used 18701K [0x07800000, 0x079000f4, 0x47800000)
  region size 1024K, 1 young (1024K), 0 survivors (0K)
 Metaspace       used 28150K, capacity 29119K, committed 29312K, reserved 30080K
Event: 28097.562 GC heap after
Heap after GC invocations=10137 (full 10087):
 garbage-first heap   total 62464K, used 18701K [0x07800000, 0x079000f4, 0x47800000)
  region size 1024K, 0 young (0K), 0 survivors (0K)
 Metaspace       used 28150K, capacity 29119K, committed 29312K, reserved 30080K
}
Event: 28100.161 GC heap before
{Heap before GC invocations=10137 (full 10087):
 garbage-first heap   total 62464K, used 18701K [0x07800000, 0x079000f4, 0x47800000)
  region size 1024K, 1 young (1024K), 0 survivors (0K)
 Metaspace       used 28150K, capacity 29119K, committed 29312K, reserved 30080K
Event: 28100.859 GC heap after
Heap after GC invocations=10138 (full 10088):
 garbage-first heap   total 62464K, used 18701K [0x07800000, 0x079000f4, 0x47800000)
  region size 1024K, 0 young (0K), 0 survivors (0K)
 Metaspace       used 28150K, capacity 29119K, committed 29312K, reserved 30080K
}
Event: 28103.412 GC heap before
{Heap before GC invocations=10138 (full 10088):
 garbage-first heap   total 62464K, used 18701K [0x07800000, 0x079000f4, 0x47800000)
  region size 1024K, 1 young (1024K), 0 survivors (0K)
 Metaspace       used 28150K, capacity 29119K, committed 29312K, reserved 30080K
Event: 28104.112 GC heap after
Heap after GC invocations=10139 (full 10089):
 garbage-first heap   total 62464K, used 18701K [0x07800000, 0x079000f4, 0x47800000)
  region size 1024K, 0 young (0K), 0 survivors (0K)
 Metaspace       used 28150K, capacity 29119K, committed 29312K, reserved 30080K
}
Event: 28106.658 GC heap before
{Heap before GC invocations=10139 (full 10089):
 garbage-first heap   total 62464K, used 18701K [0x07800000, 0x079000f4, 0x47800000)
  region size 1024K, 1 young (1024K), 0 survivors (0K)
 Metaspace       used 28150K, capacity 29119K, committed 29312K, reserved 30080K
Event: 28107.356 GC heap after
Heap after GC invocations=10140 (full 10090):
 garbage-first heap   total 62464K, used 18701K [0x07800000, 0x079000f4, 0x47800000)
  region size 1024K, 0 young (0K), 0 survivors (0K)
 Metaspace       used 28150K, capacity 29119K, committed 29312K, reserved 30080K
}
Event: 28109.894 GC heap before
{Heap before GC invocations=10140 (full 10090):
 garbage-first heap   total 62464K, used 18701K [0x07800000, 0x079000f4, 0x47800000)
  region size 1024K, 1 young (1024K), 0 survivors (0K)
 Metaspace       used 28150K, capacity 29119K, committed 29312K, reserved 30080K

